2019-06-22 11:31:37,262 - pyswarms.single.global_best - INFO - Optimize for 1000 iters with {'c1': 0.5, 'c2': 0.3, 'w': 0.9}
2019-06-22 11:32:30,697 - pyswarms.single.global_best - INFO - Optimize for 1000 iters with {'c1': 0.5, 'c2': 0.3, 'w': 0.9}
2019-06-22 23:50:30,465 - pyswarms.single.global_best - INFO - Optimize for 1000 iters with {'c1': 0.5, 'c2': 0.3, 'w': 0.9}
2019-06-22 23:50:31,653 - pyswarms.single.global_best - INFO - Optimization finished | best cost: 158.7405227909491, best pos: [ 0.38600725  0.80648624]
2019-06-22 23:50:44,514 - pyswarms.single.global_best - INFO - Optimize for 1000 iters with {'c1': 0.5, 'c2': 0.3, 'w': 0.9}
2019-06-22 23:50:45,679 - pyswarms.single.global_best - INFO - Optimization finished | best cost: 220.28749042101356, best pos: [ 0.36221009  0.28055269]
2019-06-22 23:50:57,921 - pyswarms.single.global_best - INFO - Optimize for 1000 iters with {'c1': 0.5, 'c2': 0.3, 'w': 0.9}
2019-06-22 23:50:59,618 - pyswarms.single.global_best - INFO - Optimization finished | best cost: 360.2350351675107, best pos: [ 0.09559609 -0.75040726]
2019-06-22 23:51:18,538 - pyswarms.single.global_best - INFO - Optimize for 1000 iters with {'c1': 0.5, 'c2': 0.3, 'w': 0.9}
2019-06-22 23:51:20,735 - pyswarms.single.global_best - INFO - Optimization finished | best cost: 245.68554169853647, best pos: [ 0.91164513  0.31281017]
2019-06-22 23:51:41,092 - pyswarms.single.global_best - INFO - Optimize for 1000 iters with {'c1': 0.5, 'c2': 0.3, 'w': 0.9}
2019-06-22 23:51:42,606 - pyswarms.single.global_best - INFO - Optimization finished | best cost: 289.3395574694411, best pos: [ 1.03593049  1.27947991]
2019-06-22 23:51:58,501 - pyswarms.single.global_best - INFO - Optimize for 1000 iters with {'c1': 0.5, 'c2': 0.3, 'w': 0.9}
2019-06-22 23:51:59,959 - pyswarms.single.global_best - INFO - Optimization finished | best cost: 262.24549966669315, best pos: [ 0.3652661   0.83143462]
2019-06-22 23:58:52,895 - pyswarms.single.global_best - INFO - Optimize for 1000 iters with {'c1': 0.5, 'c2': 0.3, 'w': 0.9}
2019-06-22 23:59:15,006 - pyswarms.single.global_best - INFO - Optimize for 1000 iters with {'c1': 0.5, 'c2': 0.3, 'w': 0.9}
2019-06-22 23:59:27,464 - pyswarms.single.global_best - INFO - Optimize for 1000 iters with {'c1': 0.5, 'c2': 0.3, 'w': 0.9}
2019-06-22 23:59:40,184 - pyswarms.single.global_best - INFO - Optimize for 1000 iters with {'c1': 0.5, 'c2': 0.3, 'w': 0.9}
2019-06-22 23:59:54,333 - pyswarms.single.global_best - INFO - Optimize for 1000 iters with {'c1': 0.5, 'c2': 0.3, 'w': 0.9}
2019-06-22 23:59:59,010 - pyswarms.single.global_best - INFO - Optimize for 1000 iters with {'c1': 0.5, 'c2': 0.3, 'w': 0.9}
2019-06-23 00:35:42,604 - pyswarms.single.global_best - INFO - Optimize for 1000 iters with {'c1': 0.5, 'c2': 0.3, 'w': 0.9}
2019-06-23 10:55:40,781 - pyswarms.single.global_best - INFO - Optimize for 1000 iters with {'c1': 0.5, 'c2': 0.3, 'w': 0.9}
2019-06-23 10:57:42,280 - pyswarms.single.global_best - INFO - Optimize for 1000 iters with {'c1': 0.5, 'c2': 0.3, 'w': 0.9}
2019-06-23 10:58:31,466 - pyswarms.single.global_best - INFO - Optimize for 1000 iters with {'c1': 0.5, 'c2': 0.3, 'w': 0.9}
2019-06-23 10:59:02,612 - pyswarms.single.global_best - INFO - Optimize for 1000 iters with {'c1': 0.5, 'c2': 0.3, 'w': 0.9}
2019-06-23 10:59:13,600 - pyswarms.single.global_best - INFO - Optimize for 1000 iters with {'c1': 0.5, 'c2': 0.3, 'w': 0.9}
2019-06-23 10:59:19,894 - pyswarms.single.global_best - INFO - Optimize for 1000 iters with {'c1': 0.5, 'c2': 0.3, 'w': 0.9}
2019-06-23 10:59:20,192 - pyswarms.single.global_best - INFO - Optimization finished | best cost: 620.9414698058672, best pos: [ 0.59174011]
2019-06-23 10:59:35,263 - pyswarms.single.global_best - INFO - Optimize for 1000 iters with {'c1': 0.5, 'c2': 0.3, 'w': 0.9}
2019-06-23 10:59:35,545 - pyswarms.single.global_best - INFO - Optimization finished | best cost: 387.48975194031874, best pos: [ 0.50187989]
